0 info it worked if it ends with ok
1 verbose cli [ '/Users/ryo/.nodebrew/node/v6.10.3/bin/node',
1 verbose cli   '/Users/ryo/.nodebrew/current/bin/npm',
1 verbose cli   'run',
1 verbose cli   'build' ]
2 info using npm@3.10.10
3 info using node@v6.10.3
4 verbose run-script [ 'prebuild', 'build', 'postbuild' ]
5 info lifecycle iterator@0.0.1~prebuild: iterator@0.0.1
6 silly lifecycle iterator@0.0.1~prebuild: no script for prebuild, continuing
7 info lifecycle iterator@0.0.1~build: iterator@0.0.1
8 verbose lifecycle iterator@0.0.1~build: unsafe-perm in lifecycle true
9 verbose lifecycle iterator@0.0.1~build: PATH: /Users/ryo/.nodebrew/node/v6.10.3/lib/node_modules/npm/bin/node-gyp-bin:/Users/ryo/.ghq/github.com/negibokken/typescript-design-pattern/observer/node_modules/.bin:/Users/ryo/.nodebrew/node/v6.10.3/bin:/usr/local/Cellar/pyenv-virtualenv/1.0.0/shims:/Users/ryo/.pyenv/shims:/Users/ryo/.pyenv/bin:/Users/ryo/.nodebrew/current/bin:/Users/ryo/.rbenv/shims:/usr/local/bin:/Users/ryo/.rbenv/shims:/usr/local/bin:/usr/bin:/bin:/usr/sbin:/sbin:/Applications/Wireshark.app/Contents/MacOS:/usr/local/Cellar/pyenv-virtualenv/1.0.0/shims:/Users/ryo/.pyenv/shims:/Users/ryo/.pyenv/bin:/Users/ryo/.nodebrew/current/bin:/Users/ryo/.rbenv/shims:./node_modules/.bin:/Users/ryo/.bin:/usr/local/opt/go/libexec/bin:/Users/ryo/go/bin:./node_modules/.bin:/Users/ryo/.bin:/usr/local/opt/go/libexec/bin:/Users/ryo/go/bin
10 verbose lifecycle iterator@0.0.1~build: CWD: /Users/ryo/.ghq/github.com/negibokken/typescript-design-pattern/observer
11 silly lifecycle iterator@0.0.1~build: Args: [ '-c', 'gulp' ]
12 silly lifecycle iterator@0.0.1~build: Returned: code: 1  signal: null
13 info lifecycle iterator@0.0.1~build: Failed to exec build script
14 verbose stack Error: iterator@0.0.1 build: `gulp`
14 verbose stack Exit status 1
14 verbose stack     at EventEmitter.<anonymous> (/Users/ryo/.nodebrew/node/v6.10.3/lib/node_modules/npm/lib/utils/lifecycle.js:255:16)
14 verbose stack     at emitTwo (events.js:106:13)
14 verbose stack     at EventEmitter.emit (events.js:191:7)
14 verbose stack     at ChildProcess.<anonymous> (/Users/ryo/.nodebrew/node/v6.10.3/lib/node_modules/npm/lib/utils/spawn.js:40:14)
14 verbose stack     at emitTwo (events.js:106:13)
14 verbose stack     at ChildProcess.emit (events.js:191:7)
14 verbose stack     at maybeClose (internal/child_process.js:886:16)
14 verbose stack     at Process.ChildProcess._handle.onexit (internal/child_process.js:226:5)
15 verbose pkgid iterator@0.0.1
16 verbose cwd /Users/ryo/.ghq/github.com/negibokken/typescript-design-pattern/observer
17 error Darwin 16.7.0
18 error argv "/Users/ryo/.nodebrew/node/v6.10.3/bin/node" "/Users/ryo/.nodebrew/current/bin/npm" "run" "build"
19 error node v6.10.3
20 error npm  v3.10.10
21 error code ELIFECYCLE
22 error iterator@0.0.1 build: `gulp`
22 error Exit status 1
23 error Failed at the iterator@0.0.1 build script 'gulp'.
23 error Make sure you have the latest version of node.js and npm installed.
23 error If you do, this is most likely a problem with the iterator package,
23 error not with npm itself.
23 error Tell the author that this fails on your system:
23 error     gulp
23 error You can get information on how to open an issue for this project with:
23 error     npm bugs iterator
23 error Or if that isn't available, you can get their info via:
23 error     npm owner ls iterator
23 error There is likely additional logging output above.
24 verbose exit [ 1, true ]
